Analysis & Synthesis report for frameMakerTop
Wed Dec 06 01:55:13 2017
Quartus Prime Version 17.0.0 Build 595 04/25/2017 SJ Lite Edition


---------------------
; Table of Contents ;
---------------------
  1. Legal Notice
  2. Analysis & Synthesis Summary
  3. Analysis & Synthesis Settings
  4. Parallel Compilation
  5. Analysis & Synthesis Source Files Read
  6. Analysis & Synthesis Resource Usage Summary
  7. Analysis & Synthesis Resource Utilization by Entity
  8. State Machine - |frameMakerTop|framecontroller:fc|state
  9. State Machine - |frameMakerTop|overload:ov|state
 10. State Machine - |frameMakerTop|interFrameSpace:ifs|state
 11. Registers Removed During Synthesis
 12. General Register Statistics
 13. Multiplexer Restructuring Statistics (Restructuring Performed)
 14. Parameter Settings for User Entity Instance: interFrameSpace:ifs
 15. Parameter Settings for User Entity Instance: overload:ov
 16. Parameter Settings for User Entity Instance: framecontroller:fc
 17. Post-Synthesis Netlist Statistics for Top Partition
 18. Elapsed Time Per Partition
 19. Analysis & Synthesis Messages
 20. Analysis & Synthesis Suppressed Messages



----------------
; Legal Notice ;
----------------
Copyright (C) 2017  Intel Corporation. All rights reserved.
Your use of Intel Corporation's design tools, logic functions 
and other software and tools, and its AMPP partner logic 
functions, and any output files from any of the foregoing 
(including device programming or simulation files), and any 
associated documentation or information are expressly subject 
to the terms and conditions of the Intel Program License 
Subscription Agreement, the Intel Quartus Prime License Agreement,
the Intel MegaCore Function License Agreement, or other 
applicable license agreement, including, without limitation, 
that your use is for the sole purpose of programming logic 
devices manufactured by Intel and sold by Intel or its 
authorized distributors.  Please refer to the applicable 
agreement for further details.



+----------------------------------------------------------------------------------+
; Analysis & Synthesis Summary                                                     ;
+------------------------------------+---------------------------------------------+
; Analysis & Synthesis Status        ; Successful - Wed Dec 06 01:55:13 2017       ;
; Quartus Prime Version              ; 17.0.0 Build 595 04/25/2017 SJ Lite Edition ;
; Revision Name                      ; frameMakerTop                               ;
; Top-level Entity Name              ; frameMakerTop                               ;
; Family                             ; Cyclone IV GX                               ;
; Total logic elements               ; 338                                         ;
;     Total combinational functions  ; 337                                         ;
;     Dedicated logic registers      ; 224                                         ;
; Total registers                    ; 224                                         ;
; Total pins                         ; 181                                         ;
; Total virtual pins                 ; 0                                           ;
; Total memory bits                  ; 0                                           ;
; Embedded Multiplier 9-bit elements ; 0                                           ;
; Total GXB Receiver Channel PCS     ; 0                                           ;
; Total GXB Receiver Channel PMA     ; 0                                           ;
; Total GXB Transmitter Channel PCS  ; 0                                           ;
; Total GXB Transmitter Channel PMA  ; 0                                           ;
; Total PLLs                         ; 0                                           ;
+------------------------------------+---------------------------------------------+


+----------------------------------------------------------------------------------------------------------------------+
; Analysis & Synthesis Settings                                                                                        ;
+----------------------------------------------------------------------------+--------------------+--------------------+
; Option                                                                     ; Setting            ; Default Value      ;
+----------------------------------------------------------------------------+--------------------+--------------------+
; Device                                                                     ; EP4CGX150DF31C8    ;                    ;
; Top-level entity name                                                      ; frameMakerTop      ; frameMakerTop      ;
; Family name                                                                ; Cyclone IV GX      ; Cyclone V          ;
; Use smart compilation                                                      ; Off                ; Off                ;
; Enable parallel Assembler and TimeQuest Timing Analyzer during compilation ; On                 ; On                 ;
; Enable compact report table                                                ; Off                ; Off                ;
; Restructure Multiplexers                                                   ; Auto               ; Auto               ;
; Create Debugging Nodes for IP Cores                                        ; Off                ; Off                ;
; Preserve fewer node names                                                  ; On                 ; On                 ;
; OpenCore Plus hardware evaluation                                          ; Enable             ; Enable             ;
; Verilog Version                                                            ; Verilog_2001       ; Verilog_2001       ;
; VHDL Version                                                               ; VHDL_1993          ; VHDL_1993          ;
; State Machine Processing                                                   ; Auto               ; Auto               ;
; Safe State Machine                                                         ; Off                ; Off                ;
; Extract Verilog State Machines                                             ; On                 ; On                 ;
; Extract VHDL State Machines                                                ; On                 ; On                 ;
; Ignore Verilog initial constructs                                          ; Off                ; Off                ;
; Iteration limit for constant Verilog loops                                 ; 5000               ; 5000               ;
; Iteration limit for non-constant Verilog loops                             ; 250                ; 250                ;
; Add Pass-Through Logic to Inferred RAMs                                    ; On                 ; On                 ;
; Infer RAMs from Raw Logic                                                  ; On                 ; On                 ;
; Parallel Synthesis                                                         ; On                 ; On                 ;
; DSP Block Balancing                                                        ; Auto               ; Auto               ;
; NOT Gate Push-Back                                                         ; On                 ; On                 ;
; Power-Up Don't Care                                                        ; On                 ; On                 ;
; Remove Redundant Logic Cells                                               ; Off                ; Off                ;
; Remove Duplicate Registers                                                 ; On                 ; On                 ;
; Ignore CARRY Buffers                                                       ; Off                ; Off                ;
; Ignore CASCADE Buffers                                                     ; Off                ; Off                ;
; Ignore GLOBAL Buffers                                                      ; Off                ; Off                ;
; Ignore ROW GLOBAL Buffers                                                  ; Off                ; Off                ;
; Ignore LCELL Buffers                                                       ; Off                ; Off                ;
; Ignore SOFT Buffers                                                        ; On                 ; On                 ;
; Limit AHDL Integers to 32 Bits                                             ; Off                ; Off                ;
; Optimization Technique                                                     ; Balanced           ; Balanced           ;
; Carry Chain Length                                                         ; 70                 ; 70                 ;
; Auto Carry Chains                                                          ; On                 ; On                 ;
; Auto Open-Drain Pins                                                       ; On                 ; On                 ;
; Perform WYSIWYG Primitive Resynthesis                                      ; Off                ; Off                ;
; Auto ROM Replacement                                                       ; On                 ; On                 ;
; Auto RAM Replacement                                                       ; On                 ; On                 ;
; Auto DSP Block Replacement                                                 ; On                 ; On                 ;
; Auto Shift Register Replacement                                            ; Auto               ; Auto               ;
; Allow Shift Register Merging across Hierarchies                            ; Auto               ; Auto               ;
; Auto Clock Enable Replacement                                              ; On                 ; On                 ;
; Strict RAM Replacement                                                     ; Off                ; Off                ;
; Allow Synchronous Control Signals                                          ; On                 ; On                 ;
; Force Use of Synchronous Clear Signals                                     ; Off                ; Off                ;
; Auto RAM Block Balancing                                                   ; On                 ; On                 ;
; Auto RAM to Logic Cell Conversion                                          ; Off                ; Off                ;
; Auto Resource Sharing                                                      ; Off                ; Off                ;
; Allow Any RAM Size For Recognition                                         ; Off                ; Off                ;
; Allow Any ROM Size For Recognition                                         ; Off                ; Off                ;
; Allow Any Shift Register Size For Recognition                              ; Off                ; Off                ;
; Use LogicLock Constraints during Resource Balancing                        ; On                 ; On                 ;
; Ignore translate_off and synthesis_off directives                          ; Off                ; Off                ;
; Timing-Driven Synthesis                                                    ; On                 ; On                 ;
; Report Parameter Settings                                                  ; On                 ; On                 ;
; Report Source Assignments                                                  ; On                 ; On                 ;
; Report Connectivity Checks                                                 ; On                 ; On                 ;
; Ignore Maximum Fan-Out Assignments                                         ; Off                ; Off                ;
; Synchronization Register Chain Length                                      ; 2                  ; 2                  ;
; PowerPlay Power Optimization During Synthesis                              ; Normal compilation ; Normal compilation ;
; HDL message level                                                          ; Level2             ; Level2             ;
; Suppress Register Optimization Related Messages                            ; Off                ; Off                ;
; Number of Removed Registers Reported in Synthesis Report                   ; 5000               ; 5000               ;
; Number of Swept Nodes Reported in Synthesis Report                         ; 5000               ; 5000               ;
; Number of Inverted Registers Reported in Synthesis Report                  ; 100                ; 100                ;
; Clock MUX Protection                                                       ; On                 ; On                 ;
; Auto Gated Clock Conversion                                                ; Off                ; Off                ;
; Block Design Naming                                                        ; Auto               ; Auto               ;
; SDC constraint protection                                                  ; Off                ; Off                ;
; Synthesis Effort                                                           ; Auto               ; Auto               ;
; Shift Register Replacement - Allow Asynchronous Clear Signal               ; On                 ; On                 ;
; Pre-Mapping Resynthesis Optimization                                       ; Off                ; Off                ;
; Analysis & Synthesis Message Level                                         ; Medium             ; Medium             ;
; Disable Register Merging Across Hierarchies                                ; Auto               ; Auto               ;
; Resource Aware Inference For Block RAM                                     ; On                 ; On                 ;
+----------------------------------------------------------------------------+--------------------+--------------------+


+------------------------------------------+
; Parallel Compilation                     ;
+----------------------------+-------------+
; Processors                 ; Number      ;
+----------------------------+-------------+
; Number detected on machine ; 8           ;
; Maximum allowed            ; 4           ;
;                            ;             ;
; Average used               ; 1.00        ;
; Maximum used               ; 4           ;
;                            ;             ;
; Usage by Processor         ; % Time Used ;
;     Processor 1            ; 100.0%      ;
;     Processors 2-4         ;   0.0%      ;
+----------------------------+-------------+


+------------------------------------------------------------------------------------------------------------------------------------------------+
; Analysis & Synthesis Source Files Read                                                                                                         ;
+----------------------------------+-----------------+------------------------+--------------------------------------------------------+---------+
; File Name with User-Entered Path ; Used in Netlist ; File Type              ; File Name with Absolute Path                           ; Library ;
+----------------------------------+-----------------+------------------------+--------------------------------------------------------+---------+
; datarate.v                       ; yes             ; User Verilog HDL File  ; C:/intelFPGA_lite/17.0/frameMakerTop/datarate.v        ;         ;
; frameStorage.v                   ; yes             ; User Verilog HDL File  ; C:/intelFPGA_lite/17.0/frameMakerTop/frameStorage.v    ;         ;
; frameSize.v                      ; yes             ; User Verilog HDL File  ; C:/intelFPGA_lite/17.0/frameMakerTop/frameSize.v       ;         ;
; DatavsRemote.v                   ; yes             ; User Verilog HDL File  ; C:/intelFPGA_lite/17.0/frameMakerTop/DatavsRemote.v    ;         ;
; framecontroller.v                ; yes             ; User Verilog HDL File  ; C:/intelFPGA_lite/17.0/frameMakerTop/framecontroller.v ;         ;
; frameMakerTop.v                  ; yes             ; User Verilog HDL File  ; C:/intelFPGA_lite/17.0/frameMakerTop/frameMakerTop.v   ;         ;
; overload.v                       ; yes             ; User Verilog HDL File  ; C:/intelFPGA_lite/17.0/frameMakerTop/overload.v        ;         ;
; interFrameSpace.v                ; yes             ; User Verilog HDL File  ; C:/intelFPGA_lite/17.0/frameMakerTop/interFrameSpace.v ;         ;
+----------------------------------+-----------------+------------------------+--------------------------------------------------------+---------+


+-------------------------------------------------------+
; Analysis & Synthesis Resource Usage Summary           ;
+--------------------------+----------------------------+
; Resource                 ; Usage                      ;
+--------------------------+----------------------------+
; I/O pins                 ; 181                        ;
;                          ;                            ;
; DSP block 9-bit elements ; 0                          ;
;                          ;                            ;
; Maximum fan-out node     ; datarate:dt|samplePointOUT ;
; Maximum fan-out          ; 224                        ;
; Total fan-out            ; 1973                       ;
; Average fan-out          ; 2.14                       ;
+--------------------------+----------------------------+


+-----------------------------------------------------------------------------------------------------------------------------------------------------------------------------------------------------------------------------------------+
; Analysis & Synthesis Resource Utilization by Entity                                                                                                                                                                                     ;
+----------------------------+---------------------+---------------------------+-------------+--------------+---------+-----------+-----------+------+--------------+------------------------------------+-----------------+--------------+
; Compilation Hierarchy Node ; Combinational ALUTs ; Dedicated Logic Registers ; Memory Bits ; DSP Elements ; DSP 9x9 ; DSP 18x18 ; DSP 36x36 ; Pins ; Virtual Pins ; Full Hierarchy Name                ; Entity Name     ; Library Name ;
+----------------------------+---------------------+---------------------------+-------------+--------------+---------+-----------+-----------+------+--------------+------------------------------------+-----------------+--------------+
; |frameMakerTop             ; 337 (1)             ; 224 (0)                   ; 0           ; 0            ; 0       ; 0         ; 0         ; 181  ; 0            ; |frameMakerTop                     ; frameMakerTop   ; work         ;
;    |DatavsRemote:dr|       ; 1 (1)               ; 0 (0)                     ; 0           ; 0            ; 0       ; 0         ; 0         ; 0    ; 0            ; |frameMakerTop|DatavsRemote:dr     ; DatavsRemote    ; work         ;
;    |datarate:dt|           ; 2 (2)               ; 0 (0)                     ; 0           ; 0            ; 0       ; 0         ; 0         ; 0    ; 0            ; |frameMakerTop|datarate:dt         ; datarate        ; work         ;
;    |frameSize:fsz|         ; 10 (10)             ; 10 (10)                   ; 0           ; 0            ; 0       ; 0         ; 0         ; 0    ; 0            ; |frameMakerTop|frameSize:fsz       ; frameSize       ; work         ;
;    |frameStorage:fst|      ; 151 (151)           ; 151 (151)                 ; 0           ; 0            ; 0       ; 0         ; 0         ; 0    ; 0            ; |frameMakerTop|frameStorage:fst    ; frameStorage    ; work         ;
;    |framecontroller:fc|    ; 128 (128)           ; 46 (46)                   ; 0           ; 0            ; 0       ; 0         ; 0         ; 0    ; 0            ; |frameMakerTop|framecontroller:fc  ; framecontroller ; work         ;
;    |interFrameSpace:ifs|   ; 9 (9)               ; 7 (7)                     ; 0           ; 0            ; 0       ; 0         ; 0         ; 0    ; 0            ; |frameMakerTop|interFrameSpace:ifs ; interFrameSpace ; work         ;
;    |overload:ov|           ; 35 (35)             ; 10 (10)                   ; 0           ; 0            ; 0       ; 0         ; 0         ; 0    ; 0            ; |frameMakerTop|overload:ov         ; overload        ; work         ;
+----------------------------+---------------------+---------------------------+-------------+--------------+---------+-----------+-----------+------+--------------+------------------------------------+-----------------+--------------+
Note: For table entries with two numbers listed, the numbers in parentheses indicate the number of resources of the given type used by the specific entity alone. The numbers listed outside of parentheses indicate the total resources of the given type used by the specific entity and all of its sub-entities in the hierarchy.


Encoding Type:  One-Hot
+--------------------------------------------------------------------------------------------------------------------------------------------------------------------------------------------------------------------------------------------------------------------------------------------------------------------------------------------------------------------------------------------------+
; State Machine - |frameMakerTop|framecontroller:fc|state                                                                                                                                                                                                                                                                                                                                          ;
+------------------+----------------+----------------+--------------+-----------------+--------------+-----------------+----------------+----------------+----------------+---------------+--------------+--------------+--------------+----------------+-----------------+-----------------+----------------+-----------------+---------------+---------------+------------------+----------------+
; Name             ; state.error_st ; state.ready_st ; state.eof_st ; state.ackDel_st ; state.ack_st ; state.crcDel_st ; state.crc21_st ; state.crc17_st ; state.crc15_st ; state.data_st ; state.DLC_st ; state.ESI_st ; state.BRS_st ; state.r0_FD_st ; state.r1_EDL_st ; state.extRTR_st ; state.extID_st ; state.r0_EDL_st ; state.IDE1_st ; state.IDE0_st ; state.RTR_SRR_st ; state.arbID_st ;
+------------------+----------------+----------------+--------------+-----------------+--------------+-----------------+----------------+----------------+----------------+---------------+--------------+--------------+--------------+----------------+-----------------+-----------------+----------------+-----------------+---------------+---------------+------------------+----------------+
; state.arbID_st   ; 0              ; 0              ; 0            ; 0               ; 0            ; 0               ; 0              ; 0              ; 0              ; 0             ; 0            ; 0            ; 0            ; 0              ; 0               ; 0               ; 0              ; 0               ; 0             ; 0             ; 0                ; 0              ;
; state.RTR_SRR_st ; 0              ; 0              ; 0            ; 0               ; 0            ; 0               ; 0              ; 0              ; 0              ; 0             ; 0            ; 0            ; 0            ; 0              ; 0               ; 0               ; 0              ; 0               ; 0             ; 0             ; 1                ; 1              ;
; state.IDE0_st    ; 0              ; 0              ; 0            ; 0               ; 0            ; 0               ; 0              ; 0              ; 0              ; 0             ; 0            ; 0            ; 0            ; 0              ; 0               ; 0               ; 0              ; 0               ; 0             ; 1             ; 0                ; 1              ;
; state.IDE1_st    ; 0              ; 0              ; 0            ; 0               ; 0            ; 0               ; 0              ; 0              ; 0              ; 0             ; 0            ; 0            ; 0            ; 0              ; 0               ; 0               ; 0              ; 0               ; 1             ; 0             ; 0                ; 1              ;
; state.r0_EDL_st  ; 0              ; 0              ; 0            ; 0               ; 0            ; 0               ; 0              ; 0              ; 0              ; 0             ; 0            ; 0            ; 0            ; 0              ; 0               ; 0               ; 0              ; 1               ; 0             ; 0             ; 0                ; 1              ;
; state.extID_st   ; 0              ; 0              ; 0            ; 0               ; 0            ; 0               ; 0              ; 0              ; 0              ; 0             ; 0            ; 0            ; 0            ; 0              ; 0               ; 0               ; 1              ; 0               ; 0             ; 0             ; 0                ; 1              ;
; state.extRTR_st  ; 0              ; 0              ; 0            ; 0               ; 0            ; 0               ; 0              ; 0              ; 0              ; 0             ; 0            ; 0            ; 0            ; 0              ; 0               ; 1               ; 0              ; 0               ; 0             ; 0             ; 0                ; 1              ;
; state.r1_EDL_st  ; 0              ; 0              ; 0            ; 0               ; 0            ; 0               ; 0              ; 0              ; 0              ; 0             ; 0            ; 0            ; 0            ; 0              ; 1               ; 0               ; 0              ; 0               ; 0             ; 0             ; 0                ; 1              ;
; state.r0_FD_st   ; 0              ; 0              ; 0            ; 0               ; 0            ; 0               ; 0              ; 0              ; 0              ; 0             ; 0            ; 0            ; 0            ; 1              ; 0               ; 0               ; 0              ; 0               ; 0             ; 0             ; 0                ; 1              ;
; state.BRS_st     ; 0              ; 0              ; 0            ; 0               ; 0            ; 0               ; 0              ; 0              ; 0              ; 0             ; 0            ; 0            ; 1            ; 0              ; 0               ; 0               ; 0              ; 0               ; 0             ; 0             ; 0                ; 1              ;
; state.ESI_st     ; 0              ; 0              ; 0            ; 0               ; 0            ; 0               ; 0              ; 0              ; 0              ; 0             ; 0            ; 1            ; 0            ; 0              ; 0               ; 0               ; 0              ; 0               ; 0             ; 0             ; 0                ; 1              ;
; state.DLC_st     ; 0              ; 0              ; 0            ; 0               ; 0            ; 0               ; 0              ; 0              ; 0              ; 0             ; 1            ; 0            ; 0            ; 0              ; 0               ; 0               ; 0              ; 0               ; 0             ; 0             ; 0                ; 1              ;
; state.data_st    ; 0              ; 0              ; 0            ; 0               ; 0            ; 0               ; 0              ; 0              ; 0              ; 1             ; 0            ; 0            ; 0            ; 0              ; 0               ; 0               ; 0              ; 0               ; 0             ; 0             ; 0                ; 1              ;
; state.crc15_st   ; 0              ; 0              ; 0            ; 0               ; 0            ; 0               ; 0              ; 0              ; 1              ; 0             ; 0            ; 0            ; 0            ; 0              ; 0               ; 0               ; 0              ; 0               ; 0             ; 0             ; 0                ; 1              ;
; state.crc17_st   ; 0              ; 0              ; 0            ; 0               ; 0            ; 0               ; 0              ; 1              ; 0              ; 0             ; 0            ; 0            ; 0            ; 0              ; 0               ; 0               ; 0              ; 0               ; 0             ; 0             ; 0                ; 1              ;
; state.crc21_st   ; 0              ; 0              ; 0            ; 0               ; 0            ; 0               ; 1              ; 0              ; 0              ; 0             ; 0            ; 0            ; 0            ; 0              ; 0               ; 0               ; 0              ; 0               ; 0             ; 0             ; 0                ; 1              ;
; state.crcDel_st  ; 0              ; 0              ; 0            ; 0               ; 0            ; 1               ; 0              ; 0              ; 0              ; 0             ; 0            ; 0            ; 0            ; 0              ; 0               ; 0               ; 0              ; 0               ; 0             ; 0             ; 0                ; 1              ;
; state.ack_st     ; 0              ; 0              ; 0            ; 0               ; 1            ; 0               ; 0              ; 0              ; 0              ; 0             ; 0            ; 0            ; 0            ; 0              ; 0               ; 0               ; 0              ; 0               ; 0             ; 0             ; 0                ; 1              ;
; state.ackDel_st  ; 0              ; 0              ; 0            ; 1               ; 0            ; 0               ; 0              ; 0              ; 0              ; 0             ; 0            ; 0            ; 0            ; 0              ; 0               ; 0               ; 0              ; 0               ; 0             ; 0             ; 0                ; 1              ;
; state.eof_st     ; 0              ; 0              ; 1            ; 0               ; 0            ; 0               ; 0              ; 0              ; 0              ; 0             ; 0            ; 0            ; 0            ; 0              ; 0               ; 0               ; 0              ; 0               ; 0             ; 0             ; 0                ; 1              ;
; state.ready_st   ; 0              ; 1              ; 0            ; 0               ; 0            ; 0               ; 0              ; 0              ; 0              ; 0             ; 0            ; 0            ; 0            ; 0              ; 0               ; 0               ; 0              ; 0               ; 0             ; 0             ; 0                ; 1              ;
; state.error_st   ; 1              ; 0              ; 0            ; 0               ; 0            ; 0               ; 0              ; 0              ; 0              ; 0             ; 0            ; 0            ; 0            ; 0              ; 0               ; 0               ; 0              ; 0               ; 0             ; 0             ; 0                ; 1              ;
+------------------+----------------+----------------+--------------+-----------------+--------------+-----------------+----------------+----------------+----------------+---------------+--------------+--------------+--------------+----------------+-----------------+-----------------+----------------+-----------------+---------------+---------------+------------------+----------------+


Encoding Type:  One-Hot
+--------------------------------------------------------------------------------------------------------------+
; State Machine - |frameMakerTop|overload:ov|state                                                             ;
+------------------------------+---------------------+--------------------------+------------------------------+
; Name                         ; state.overload_flag ; state.overload_delimiter ; state.overload_superposition ;
+------------------------------+---------------------+--------------------------+------------------------------+
; state.overload_flag          ; 0                   ; 0                        ; 0                            ;
; state.overload_superposition ; 1                   ; 0                        ; 1                            ;
; state.overload_delimiter     ; 1                   ; 1                        ; 0                            ;
+------------------------------+---------------------+--------------------------+------------------------------+


Encoding Type:  One-Hot
+------------------------------------------------------------------------------------------------------------------------+
; State Machine - |frameMakerTop|interFrameSpace:ifs|state                                                               ;
+-------------------------+----------------+-------------------------+-------------------------+-------------------------+
; Name                    ; state.bus_idle ; state.bit3_intermission ; state.bit2_intermission ; state.bit1_intermission ;
+-------------------------+----------------+-------------------------+-------------------------+-------------------------+
; state.bit1_intermission ; 0              ; 0                       ; 0                       ; 0                       ;
; state.bit2_intermission ; 0              ; 0                       ; 1                       ; 1                       ;
; state.bit3_intermission ; 0              ; 1                       ; 0                       ; 1                       ;
; state.bus_idle          ; 1              ; 0                       ; 0                       ; 1                       ;
+-------------------------+----------------+-------------------------+-------------------------+-------------------------+


+---------------------------------------------------------------------------------+
; Registers Removed During Synthesis                                              ;
+----------------------------------------+----------------------------------------+
; Register name                          ; Reason for Removal                     ;
+----------------------------------------+----------------------------------------+
; framecontroller:fc|invalidBit          ; Stuck at GND due to stuck port data_in ;
; framecontroller:fc|ackValue            ; Stuck at GND due to stuck port data_in ;
; framecontroller:fc|state~27            ; Lost fanout                            ;
; framecontroller:fc|state~28            ; Lost fanout                            ;
; framecontroller:fc|state~29            ; Lost fanout                            ;
; framecontroller:fc|state~30            ; Lost fanout                            ;
; framecontroller:fc|state~31            ; Lost fanout                            ;
; interFrameSpace:ifs|state~6            ; Lost fanout                            ;
; interFrameSpace:ifs|state~7            ; Lost fanout                            ;
; interFrameSpace:ifs|state~8            ; Lost fanout                            ;
; framecontroller:fc|state.crc21_st      ; Stuck at GND due to stuck port data_in ;
; Total Number of Removed Registers = 11 ;                                        ;
+----------------------------------------+----------------------------------------+


+------------------------------------------------------+
; General Register Statistics                          ;
+----------------------------------------------+-------+
; Statistic                                    ; Value ;
+----------------------------------------------+-------+
; Total registers                              ; 224   ;
; Number of registers using Synchronous Clear  ; 28    ;
; Number of registers using Synchronous Load   ; 13    ;
; Number of registers using Asynchronous Clear ; 0     ;
; Number of registers using Asynchronous Load  ; 0     ;
; Number of registers using Clock Enable       ; 204   ;
; Number of registers using Preset             ; 0     ;
+----------------------------------------------+-------+


+---------------------------------------------------------------------------------------------------------------------------------------------------------+
; Multiplexer Restructuring Statistics (Restructuring Performed)                                                                                          ;
+--------------------+-----------+---------------+----------------------+------------------------+------------+-------------------------------------------+
; Multiplexer Inputs ; Bus Width ; Baseline Area ; Area if Restructured ; Saving if Restructured ; Registered ; Example Multiplexer Output                ;
+--------------------+-----------+---------------+----------------------+------------------------+------------+-------------------------------------------+
; 3:1                ; 168 bits  ; 336 LEs       ; 168 LEs              ; 168 LEs                ; Yes        ; |frameMakerTop|frameStorage:fst|frame[5]  ;
; 9:1                ; 4 bits    ; 24 LEs        ; 4 LEs                ; 20 LEs                 ; Yes        ; |frameMakerTop|overload:ov|count[4]       ;
; 19:1               ; 8 bits    ; 96 LEs        ; 24 LEs               ; 72 LEs                 ; Yes        ; |frameMakerTop|framecontroller:fc|cont[0] ;
; 14:1               ; 3 bits    ; 27 LEs        ; 12 LEs               ; 15 LEs                 ; No         ; |frameMakerTop|overload:ov|state          ;
; 19:1               ; 4 bits    ; 48 LEs        ; 20 LEs               ; 28 LEs                 ; No         ; |frameMakerTop|framecontroller:fc|state   ;
; 20:1               ; 2 bits    ; 26 LEs        ; 6 LEs                ; 20 LEs                 ; No         ; |frameMakerTop|framecontroller:fc|state   ;
; 21:1               ; 2 bits    ; 28 LEs        ; 4 LEs                ; 24 LEs                 ; No         ; |frameMakerTop|framecontroller:fc|state   ;
+--------------------+-----------+---------------+----------------------+------------------------+------------+-------------------------------------------+


+------------------------------------------------------------------+
; Parameter Settings for User Entity Instance: interFrameSpace:ifs ;
+-------------------+-------+--------------------------------------+
; Parameter Name    ; Value ; Type                                 ;
+-------------------+-------+--------------------------------------+
; bit1_intermission ; 0     ; Signed Integer                       ;
; bit2_intermission ; 1     ; Signed Integer                       ;
; bit3_intermission ; 2     ; Signed Integer                       ;
; bus_idle          ; 3     ; Signed Integer                       ;
+-------------------+-------+--------------------------------------+
Note: In order to hide this table in the UI and the text report file, please set the "Show Parameter Settings in Synthesis Report" option in "Analysis and Synthesis Settings -> More Settings" to "Off".


+----------------------------------------------------------+
; Parameter Settings for User Entity Instance: overload:ov ;
+------------------------+-------+-------------------------+
; Parameter Name         ; Value ; Type                    ;
+------------------------+-------+-------------------------+
; overload_flag          ; 0     ; Signed Integer          ;
; overload_superposition ; 1     ; Signed Integer          ;
; overload_delimiter     ; 2     ; Signed Integer          ;
+------------------------+-------+-------------------------+
Note: In order to hide this table in the UI and the text report file, please set the "Show Parameter Settings in Synthesis Report" option in "Analysis and Synthesis Settings -> More Settings" to "Off".


+-----------------------------------------------------------------+
; Parameter Settings for User Entity Instance: framecontroller:fc ;
+----------------+-------+----------------------------------------+
; Parameter Name ; Value ; Type                                   ;
+----------------+-------+----------------------------------------+
; arbID_st       ; 0     ; Signed Integer                         ;
; RTR_SRR_st     ; 1     ; Signed Integer                         ;
; IDE0_st        ; 2     ; Signed Integer                         ;
; IDE1_st        ; 3     ; Signed Integer                         ;
; r0_EDL_st      ; 4     ; Signed Integer                         ;
; extID_st       ; 5     ; Signed Integer                         ;
; extRTR_st      ; 6     ; Signed Integer                         ;
; r1_EDL_st      ; 7     ; Signed Integer                         ;
; r0_FD_st       ; 8     ; Signed Integer                         ;
; BRS_st         ; 9     ; Signed Integer                         ;
; ESI_st         ; 10    ; Signed Integer                         ;
; DLC_st         ; 11    ; Signed Integer                         ;
; data_st        ; 12    ; Signed Integer                         ;
; crc15_st       ; 13    ; Signed Integer                         ;
; crc17_st       ; 14    ; Signed Integer                         ;
; crc21_st       ; 15    ; Signed Integer                         ;
; crcDel_st      ; 16    ; Signed Integer                         ;
; ack_st         ; 17    ; Signed Integer                         ;
; ackDel_st      ; 18    ; Signed Integer                         ;
; eof_st         ; 19    ; Signed Integer                         ;
; ready_st       ; 20    ; Signed Integer                         ;
; error_st       ; 21    ; Signed Integer                         ;
+----------------+-------+----------------------------------------+
Note: In order to hide this table in the UI and the text report file, please set the "Show Parameter Settings in Synthesis Report" option in "Analysis and Synthesis Settings -> More Settings" to "Off".


+-----------------------------------------------------+
; Post-Synthesis Netlist Statistics for Top Partition ;
+-----------------------+-----------------------------+
; Type                  ; Count                       ;
+-----------------------+-----------------------------+
; boundary_port         ; 181                         ;
; cycloneiii_ff         ; 224                         ;
;     ENA               ; 172                         ;
;     ENA SCLR          ; 22                          ;
;     ENA SLD           ; 10                          ;
;     SCLR              ; 6                           ;
;     SLD               ; 3                           ;
;     plain             ; 11                          ;
; cycloneiii_lcell_comb ; 337                         ;
;     arith             ; 16                          ;
;         2 data inputs ; 16                          ;
;     normal            ; 321                         ;
;         0 data inputs ; 1                           ;
;         1 data inputs ; 2                           ;
;         2 data inputs ; 174                         ;
;         3 data inputs ; 43                          ;
;         4 data inputs ; 101                         ;
;                       ;                             ;
; Max LUT depth         ; 6.50                        ;
; Average LUT depth     ; 2.30                        ;
+-----------------------+-----------------------------+


+-------------------------------+
; Elapsed Time Per Partition    ;
+----------------+--------------+
; Partition Name ; Elapsed Time ;
+----------------+--------------+
; Top            ; 00:00:00     ;
+----------------+--------------+


+-------------------------------+
; Analysis & Synthesis Messages ;
+-------------------------------+
Info: *******************************************************************
Info: Running Quartus Prime Analysis & Synthesis
    Info: Version 17.0.0 Build 595 04/25/2017 SJ Lite Edition
    Info: Processing started: Wed Dec 06 01:55:03 2017
Info: Command: quartus_map --read_settings_files=on --write_settings_files=off frameMakerTop -c frameMakerTop
Warning (18236): Number of processors has not been specified which may cause overloading on shared machines.  Set the global assignment NUM_PARALLEL_PROCESSORS in your QSF to an appropriate value for best performance.
Info (20030): Parallel compilation is enabled and will use 4 of the 4 processors detected
Info (12021): Found 1 design units, including 1 entities, in source file datarate.v
    Info (12023): Found entity 1: datarate File: C:/intelFPGA_lite/17.0/frameMakerTop/datarate.v Line: 1
Info (12021): Found 1 design units, including 1 entities, in source file framestorage.v
    Info (12023): Found entity 1: frameStorage File: C:/intelFPGA_lite/17.0/frameMakerTop/frameStorage.v Line: 1
Info (12021): Found 1 design units, including 1 entities, in source file framesize.v
    Info (12023): Found entity 1: frameSize File: C:/intelFPGA_lite/17.0/frameMakerTop/frameSize.v Line: 1
Info (12021): Found 1 design units, including 1 entities, in source file datavsremote.v
    Info (12023): Found entity 1: DatavsRemote File: C:/intelFPGA_lite/17.0/frameMakerTop/DatavsRemote.v Line: 1
Info (12021): Found 1 design units, including 1 entities, in source file framecontroller.v
    Info (12023): Found entity 1: framecontroller File: C:/intelFPGA_lite/17.0/frameMakerTop/framecontroller.v Line: 4
Info (12021): Found 1 design units, including 1 entities, in source file framemakertop.v
    Info (12023): Found entity 1: frameMakerTop File: C:/intelFPGA_lite/17.0/frameMakerTop/frameMakerTop.v Line: 1
Info (12021): Found 1 design units, including 1 entities, in source file overload.v
    Info (12023): Found entity 1: overload File: C:/intelFPGA_lite/17.0/frameMakerTop/overload.v Line: 1
Info (12021): Found 1 design units, including 1 entities, in source file interframespace.v
    Info (12023): Found entity 1: interFrameSpace File: C:/intelFPGA_lite/17.0/frameMakerTop/interFrameSpace.v Line: 1
Info (12127): Elaborating entity "frameMakerTop" for the top level hierarchy
Info (12128): Elaborating entity "datarate" for hierarchy "datarate:dt" File: C:/intelFPGA_lite/17.0/frameMakerTop/frameMakerTop.v Line: 11
Warning (10235): Verilog HDL Always Construct warning at datarate.v(13): variable "init" is read inside the Always Construct but isn't in the Always Construct's Event Control File: C:/intelFPGA_lite/17.0/frameMakerTop/datarate.v Line: 13
Warning (10235): Verilog HDL Always Construct warning at datarate.v(17): variable "edl" is read inside the Always Construct but isn't in the Always Construct's Event Control File: C:/intelFPGA_lite/17.0/frameMakerTop/datarate.v Line: 17
Warning (10235): Verilog HDL Always Construct warning at datarate.v(17): variable "brs" is read inside the Always Construct but isn't in the Always Construct's Event Control File: C:/intelFPGA_lite/17.0/frameMakerTop/datarate.v Line: 17
Warning (10235): Verilog HDL Always Construct warning at datarate.v(17): variable "brsStop" is read inside the Always Construct but isn't in the Always Construct's Event Control File: C:/intelFPGA_lite/17.0/frameMakerTop/datarate.v Line: 17
Warning (10235): Verilog HDL Always Construct warning at datarate.v(18): variable "edl" is read inside the Always Construct but isn't in the Always Construct's Event Control File: C:/intelFPGA_lite/17.0/frameMakerTop/datarate.v Line: 18
Warning (10235): Verilog HDL Always Construct warning at datarate.v(18): variable "brs" is read inside the Always Construct but isn't in the Always Construct's Event Control File: C:/intelFPGA_lite/17.0/frameMakerTop/datarate.v Line: 18
Warning (10235): Verilog HDL Always Construct warning at datarate.v(18): variable "brsStop" is read inside the Always Construct but isn't in the Always Construct's Event Control File: C:/intelFPGA_lite/17.0/frameMakerTop/datarate.v Line: 18
Warning (10240): Verilog HDL Always Construct warning at datarate.v(11): inferring latch(es) for variable "init", which holds its previous value in one or more paths through the always construct File: C:/intelFPGA_lite/17.0/frameMakerTop/datarate.v Line: 11
Info (10041): Inferred latch for "init" at datarate.v(11) File: C:/intelFPGA_lite/17.0/frameMakerTop/datarate.v Line: 11
Info (12128): Elaborating entity "interFrameSpace" for hierarchy "interFrameSpace:ifs" File: C:/intelFPGA_lite/17.0/frameMakerTop/frameMakerTop.v Line: 12
Info (12128): Elaborating entity "overload" for hierarchy "overload:ov" File: C:/intelFPGA_lite/17.0/frameMakerTop/frameMakerTop.v Line: 13
Warning (10230): Verilog HDL assignment warning at overload.v(30): truncated value with size 32 to match size of target (5) File: C:/intelFPGA_lite/17.0/frameMakerTop/overload.v Line: 30
Warning (10230): Verilog HDL assignment warning at overload.v(33): truncated value with size 32 to match size of target (5) File: C:/intelFPGA_lite/17.0/frameMakerTop/overload.v Line: 33
Warning (10230): Verilog HDL assignment warning at overload.v(44): truncated value with size 32 to match size of target (5) File: C:/intelFPGA_lite/17.0/frameMakerTop/overload.v Line: 44
Warning (10230): Verilog HDL assignment warning at overload.v(47): truncated value with size 32 to match size of target (5) File: C:/intelFPGA_lite/17.0/frameMakerTop/overload.v Line: 47
Warning (10230): Verilog HDL assignment warning at overload.v(58): truncated value with size 32 to match size of target (5) File: C:/intelFPGA_lite/17.0/frameMakerTop/overload.v Line: 58
Warning (10230): Verilog HDL assignment warning at overload.v(71): truncated value with size 32 to match size of target (5) File: C:/intelFPGA_lite/17.0/frameMakerTop/overload.v Line: 71
Info (12128): Elaborating entity "framecontroller" for hierarchy "framecontroller:fc" File: C:/intelFPGA_lite/17.0/frameMakerTop/frameMakerTop.v Line: 14
Warning (10036): Verilog HDL or VHDL warning at framecontroller.v(35): object "bitlido" assigned a value but never read File: C:/intelFPGA_lite/17.0/frameMakerTop/framecontroller.v Line: 35
Warning (10230): Verilog HDL assignment warning at framecontroller.v(73): truncated value with size 32 to match size of target (8) File: C:/intelFPGA_lite/17.0/frameMakerTop/framecontroller.v Line: 73
Warning (10230): Verilog HDL assignment warning at framecontroller.v(120): truncated value with size 32 to match size of target (8) File: C:/intelFPGA_lite/17.0/frameMakerTop/framecontroller.v Line: 120
Warning (10230): Verilog HDL assignment warning at framecontroller.v(181): truncated value with size 32 to match size of target (8) File: C:/intelFPGA_lite/17.0/frameMakerTop/framecontroller.v Line: 181
Warning (10230): Verilog HDL assignment warning at framecontroller.v(192): truncated value with size 32 to match size of target (4) File: C:/intelFPGA_lite/17.0/frameMakerTop/framecontroller.v Line: 192
Warning (10230): Verilog HDL assignment warning at framecontroller.v(194): truncated value with size 32 to match size of target (4) File: C:/intelFPGA_lite/17.0/frameMakerTop/framecontroller.v Line: 194
Warning (10230): Verilog HDL assignment warning at framecontroller.v(196): truncated value with size 32 to match size of target (4) File: C:/intelFPGA_lite/17.0/frameMakerTop/framecontroller.v Line: 196
Warning (10230): Verilog HDL assignment warning at framecontroller.v(198): truncated value with size 32 to match size of target (4) File: C:/intelFPGA_lite/17.0/frameMakerTop/framecontroller.v Line: 198
Warning (10230): Verilog HDL assignment warning at framecontroller.v(200): truncated value with size 32 to match size of target (4) File: C:/intelFPGA_lite/17.0/frameMakerTop/framecontroller.v Line: 200
Warning (10230): Verilog HDL assignment warning at framecontroller.v(202): truncated value with size 32 to match size of target (4) File: C:/intelFPGA_lite/17.0/frameMakerTop/framecontroller.v Line: 202
Warning (10230): Verilog HDL assignment warning at framecontroller.v(230): truncated value with size 32 to match size of target (8) File: C:/intelFPGA_lite/17.0/frameMakerTop/framecontroller.v Line: 230
Warning (10230): Verilog HDL assignment warning at framecontroller.v(255): truncated value with size 32 to match size of target (8) File: C:/intelFPGA_lite/17.0/frameMakerTop/framecontroller.v Line: 255
Warning (10230): Verilog HDL assignment warning at framecontroller.v(266): truncated value with size 32 to match size of target (8) File: C:/intelFPGA_lite/17.0/frameMakerTop/framecontroller.v Line: 266
Warning (10230): Verilog HDL assignment warning at framecontroller.v(277): truncated value with size 32 to match size of target (8) File: C:/intelFPGA_lite/17.0/frameMakerTop/framecontroller.v Line: 277
Warning (10230): Verilog HDL assignment warning at framecontroller.v(312): truncated value with size 32 to match size of target (8) File: C:/intelFPGA_lite/17.0/frameMakerTop/framecontroller.v Line: 312
Info (12128): Elaborating entity "DatavsRemote" for hierarchy "DatavsRemote:dr" File: C:/intelFPGA_lite/17.0/frameMakerTop/frameMakerTop.v Line: 15
Info (12128): Elaborating entity "frameSize" for hierarchy "frameSize:fsz" File: C:/intelFPGA_lite/17.0/frameMakerTop/frameMakerTop.v Line: 16
Warning (10230): Verilog HDL assignment warning at frameSize.v(22): truncated value with size 32 to match size of target (10) File: C:/intelFPGA_lite/17.0/frameMakerTop/frameSize.v Line: 22
Info (12128): Elaborating entity "frameStorage" for hierarchy "frameStorage:fst" File: C:/intelFPGA_lite/17.0/frameMakerTop/frameMakerTop.v Line: 17
Warning (19016): Clock multiplexers are found and protected
    Warning (19017): Found clock multiplexer datarate:dt|samplePointOUT File: C:/intelFPGA_lite/17.0/frameMakerTop/datarate.v Line: 4
Warning (13024): Output pins are stuck at VCC or GND
    Warning (13410): Pin "invalidBit" is stuck at GND File: C:/intelFPGA_lite/17.0/frameMakerTop/frameMakerTop.v Line: 4
    Warning (13410): Pin "ackValue" is stuck at GND File: C:/intelFPGA_lite/17.0/frameMakerTop/frameMakerTop.v Line: 4
Info (286030): Timing-Driven Synthesis is running
Info (17049): 8 registers lost all their fanouts during netlist optimizations.
Info (144001): Generated suppressed messages file C:/intelFPGA_lite/17.0/frameMakerTop/output_files/frameMakerTop.map.smsg
Info (16010): Generating hard_block partition "hard_block:auto_generated_inst"
    Info (16011): Adding 0 node(s), including 0 DDIO, 0 PLL, 0 transceiver and 0 LCELL
Info (21057): Implemented 522 device resources after synthesis - the final resource count might be different
    Info (21058): Implemented 5 input pins
    Info (21059): Implemented 176 output pins
    Info (21061): Implemented 341 logic cells
Info: Quartus Prime Analysis & Synthesis was successful. 0 errors, 36 warnings
    Info: Peak virtual memory: 762 megabytes
    Info: Processing ended: Wed Dec 06 01:55:13 2017
    Info: Elapsed time: 00:00:10
    Info: Total CPU time (on all processors): 00:00:21


+------------------------------------------+
; Analysis & Synthesis Suppressed Messages ;
+------------------------------------------+
The suppressed messages can be found in C:/intelFPGA_lite/17.0/frameMakerTop/output_files/frameMakerTop.map.smsg.


